nohup: ignoring input

  .   ____          _            __ _ _
 /\\ / ___'_ __ _ _(_)_ __  __ _ \ \ \ \
( ( )\___ | '_ | '_| | '_ \/ _` | \ \ \ \
 \\/  ___)| |_)| | | | | || (_| |  ) ) ) )
  '  |____| .__|_| |_|_| |_\__, | / / / /
 =========|_|==============|___/=/_/_/_/
 :: Spring Boot ::                (v3.2.0)

2025-07-22T13:12:49.840Z  INFO 7291 --- [ecommerce-api] [           main] com.ecommerce.EcommerceApplication       : Starting EcommerceApplication v0.0.1-SNAPSHOT using Java 21.0.7 with PID 7291 (/workspace/target/ecommerce-api-0.0.1-SNAPSHOT.jar started by ubuntu in /workspace)
2025-07-22T13:12:49.842Z DEBUG 7291 --- [ecommerce-api] [           main] com.ecommerce.EcommerceApplication       : Running with Spring Boot v3.2.0, Spring v6.1.1
2025-07-22T13:12:49.842Z  INFO 7291 --- [ecommerce-api] [           main] com.ecommerce.EcommerceApplication       : No active profile set, falling back to 1 default profile: "default"
2025-07-22T13:12:50.785Z  INFO 7291 --- [ecommerce-api] [           main] .s.d.r.c.RepositoryConfigurationDelegate : Bootstrapping Spring Data JPA repositories in DEFAULT mode.
2025-07-22T13:12:50.849Z  INFO 7291 --- [ecommerce-api] [           main] .s.d.r.c.RepositoryConfigurationDelegate : Finished Spring Data repository scanning in 57 ms. Found 4 JPA repository interfaces.
2025-07-22T13:12:51.283Z  INFO 7291 --- [ecommerce-api] [           main] o.s.b.w.embedded.tomcat.TomcatWebServer  : Tomcat initialized with port 8080 (http)
2025-07-22T13:12:51.290Z  INFO 7291 --- [ecommerce-api] [           main] o.apache.catalina.core.StandardService   : Starting service [Tomcat]
2025-07-22T13:12:51.290Z  INFO 7291 --- [ecommerce-api] [           main] o.apache.catalina.core.StandardEngine    : Starting Servlet engine: [Apache Tomcat/10.1.16]
2025-07-22T13:12:51.314Z  INFO 7291 --- [ecommerce-api] [           main] o.a.c.c.C.[Tomcat].[localhost].[/]       : Initializing Spring embedded WebApplicationContext
2025-07-22T13:12:51.314Z  INFO 7291 --- [ecommerce-api] [           main] w.s.c.ServletWebServerApplicationContext : Root WebApplicationContext: initialization completed in 1400 ms
2025-07-22T13:12:51.344Z  INFO 7291 --- [ecommerce-api] [           main] com.zaxxer.hikari.HikariDataSource       : HikariPool-1 - Starting...
2025-07-22T13:12:51.541Z  INFO 7291 --- [ecommerce-api] [           main] com.zaxxer.hikari.pool.HikariPool        : HikariPool-1 - Added connection conn0: url=jdbc:h2:mem:testdb user=SA
2025-07-22T13:12:51.543Z  INFO 7291 --- [ecommerce-api] [           main] com.zaxxer.hikari.HikariDataSource       : HikariPool-1 - Start completed.
2025-07-22T13:12:51.552Z  INFO 7291 --- [ecommerce-api] [           main] o.s.b.a.h2.H2ConsoleAutoConfiguration    : H2 console available at '/h2-console'. Database available at 'jdbc:h2:mem:testdb'
2025-07-22T13:12:51.649Z  INFO 7291 --- [ecommerce-api] [           main] o.hibernate.jpa.internal.util.LogHelper  : HHH000204: Processing PersistenceUnitInfo [name: default]
2025-07-22T13:12:51.684Z  INFO 7291 --- [ecommerce-api] [           main] org.hibernate.Version                    : HHH000412: Hibernate ORM core version 6.3.1.Final
2025-07-22T13:12:51.717Z  INFO 7291 --- [ecommerce-api] [           main] o.h.c.internal.RegionFactoryInitiator    : HHH000026: Second-level cache disabled
2025-07-22T13:12:51.863Z  INFO 7291 --- [ecommerce-api] [           main] o.s.o.j.p.SpringPersistenceUnitInfo      : No LoadTimeWeaver setup: ignoring JPA class transformer
2025-07-22T13:12:51.895Z  WARN 7291 --- [ecommerce-api] [           main] org.hibernate.orm.deprecation            : HHH90000025: H2Dialect does not need to be specified explicitly using 'hibernate.dialect' (remove the property setting and it will be selected by default)
2025-07-22T13:12:52.553Z  INFO 7291 --- [ecommerce-api] [           main] o.h.e.t.j.p.i.JtaPlatformInitiator       : HHH000489: No JTA platform available (set 'hibernate.transaction.jta.platform' to enable JTA platform integration)
Hibernate: 
    drop table if exists customers cascade 
Hibernate: 
    drop table if exists order_items cascade 
Hibernate: 
    drop table if exists orders cascade 
Hibernate: 
    drop table if exists products cascade 
Hibernate: 
    create table customers (
        created_date timestamp(6) not null,
        id bigint generated by default as identity,
        address TEXT,
        email varchar(255) not null unique,
        first_name varchar(255) not null,
        last_name varchar(255) not null,
        password varchar(255) not null,
        phone_number varchar(255),
        role varchar(255) not null check (role in ('USER','ADMIN')),
        primary key (id)
    )
Hibernate: 
    create table order_items (
        quantity integer not null,
        subtotal numeric(10,2) not null,
        unit_price numeric(10,2) not null,
        id bigint generated by default as identity,
        order_id bigint not null,
        product_id bigint not null,
        primary key (id)
    )
Hibernate: 
    create table orders (
        total_amount numeric(10,2) not null,
        customer_id bigint not null,
        id bigint generated by default as identity,
        order_date timestamp(6) not null,
        status varchar(255) not null check (status in ('PENDING','CONFIRMED','SHIPPED','DELIVERED','CANCELLED')),
        primary key (id)
    )
Hibernate: 
    create table products (
        price numeric(10,2) not null,
        stock_quantity integer not null,
        created_date timestamp(6) not null,
        id bigint generated by default as identity,
        updated_date timestamp(6) not null,
        category varchar(255) not null,
        description TEXT,
        name varchar(255) not null,
        primary key (id)
    )
Hibernate: 
    alter table if exists order_items 
       add constraint FKbioxgbv59vetrxe0ejfubep1w 
       foreign key (order_id) 
       references orders
Hibernate: 
    alter table if exists order_items 
       add constraint FKocimc7dtr037rh4ls4l95nlfi 
       foreign key (product_id) 
       references products
Hibernate: 
    alter table if exists orders 
       add constraint FKpxtb8awmi0dk6smoh2vp1litg 
       foreign key (customer_id) 
       references customers
2025-07-22T13:12:52.591Z  INFO 7291 --- [ecommerce-api] [           main] j.LocalContainerEntityManagerFactoryBean : Initialized JPA EntityManagerFactory for persistence unit 'default'
2025-07-22T13:12:52.892Z DEBUG 7291 --- [ecommerce-api] [           main] com.ecommerce.security.AuthTokenFilter   : Filter 'authenticationJwtTokenFilter' configured for use
2025-07-22T13:12:52.959Z  INFO 7291 --- [ecommerce-api] [           main] o.s.d.j.r.query.QueryEnhancerFactory     : Hibernate is in classpath; If applicable, HQL parser will be used.
2025-07-22T13:12:53.309Z  WARN 7291 --- [ecommerce-api] [           main] JpaBaseConfiguration$JpaWebConfiguration : spring.jpa.open-in-view is enabled by default. Therefore, database queries may be performed during view rendering. Explicitly configure spring.jpa.open-in-view to disable this warning
2025-07-22T13:12:53.538Z  INFO 7291 --- [ecommerce-api] [           main] o.s.s.web.DefaultSecurityFilterChain     : Will secure any request with [org.springframework.security.web.session.DisableEncodeUrlFilter@7f1e946f, org.springframework.security.web.context.request.async.WebAsyncManagerIntegrationFilter@542adcfa, org.springframework.security.web.context.SecurityContextHolderFilter@57e6f449, org.springframework.security.web.header.HeaderWriterFilter@da09b52, org.springframework.web.filter.CorsFilter@3adf3670, org.springframework.security.web.authentication.logout.LogoutFilter@3110bb19, com.ecommerce.security.AuthTokenFilter@6560f387, org.springframework.security.web.savedrequest.RequestCacheAwareFilter@419ac0f5, org.springframework.security.web.servletapi.SecurityContextHolderAwareRequestFilter@628fa8ea, org.springframework.security.web.authentication.AnonymousAuthenticationFilter@5f6e6902, org.springframework.security.web.session.SessionManagementFilter@1d5e0621, org.springframework.security.web.access.ExceptionTranslationFilter@65f270e7, org.springframework.security.web.access.intercept.AuthorizationFilter@5edeb83e]
2025-07-22T13:12:53.706Z  INFO 7291 --- [ecommerce-api] [           main] o.s.b.w.embedded.tomcat.TomcatWebServer  : Tomcat started on port 8080 (http) with context path ''
2025-07-22T13:12:53.720Z  INFO 7291 --- [ecommerce-api] [           main] com.ecommerce.EcommerceApplication       : Started EcommerceApplication in 4.304 seconds (process running for 4.772)
2025-07-22T13:12:55.030Z  INFO 7291 --- [ecommerce-api] [nio-8080-exec-1] o.a.c.c.C.[Tomcat].[localhost].[/]       : Initializing Spring DispatcherServlet 'dispatcherServlet'
2025-07-22T13:12:55.030Z  INFO 7291 --- [ecommerce-api] [nio-8080-exec-1] o.s.web.servlet.DispatcherServlet        : Initializing Servlet 'dispatcherServlet'
2025-07-22T13:12:55.031Z  INFO 7291 --- [ecommerce-api] [nio-8080-exec-1] o.s.web.servlet.DispatcherServlet        : Completed initialization in 1 ms
2025-07-22T13:12:55.036Z DEBUG 7291 --- [ecommerce-api] [nio-8080-exec-1] o.s.security.web.FilterChainProxy        : Securing GET /api/products
2025-07-22T13:12:55.042Z DEBUG 7291 --- [ecommerce-api] [nio-8080-exec-1] o.s.s.w.a.AnonymousAuthenticationFilter  : Set SecurityContextHolder to anonymous SecurityContext
2025-07-22T13:12:55.043Z  WARN 7291 --- [ecommerce-api] [nio-8080-exec-1] o.s.w.s.h.HandlerMappingIntrospector     : Cache miss for REQUEST dispatch to '/api/products' (previous null). Performing MatchableHandlerMapping lookup. This is logged once only at WARN level, and every time at TRACE.
2025-07-22T13:12:55.049Z DEBUG 7291 --- [ecommerce-api] [nio-8080-exec-1] o.s.security.web.FilterChainProxy        : Secured GET /api/products
Hibernate: 
    select
        p1_0.id,
        p1_0.category,
        p1_0.created_date,
        p1_0.description,
        p1_0.name,
        p1_0.price,
        p1_0.stock_quantity,
        p1_0.updated_date 
    from
        products p1_0 
    order by
        p1_0.id 
    offset
        ? rows 
    fetch
        first ? rows only
