nohup: ignoring input

  .   ____          _            __ _ _
 /\\ / ___'_ __ _ _(_)_ __  __ _ \ \ \ \
( ( )\___ | '_ | '_| | '_ \/ _` | \ \ \ \
 \\/  ___)| |_)| | | | | || (_| |  ) ) ) )
  '  |____| .__|_| |_|_| |_\__, | / / / /
 =========|_|==============|___/=/_/_/_/
 :: Spring Boot ::                (v3.2.0)

2025-07-22T16:56:53.966Z  INFO 26245 --- [ecommerce-api] [           main] com.ecommerce.EcommerceApplication       : Starting EcommerceApplication v0.0.1-SNAPSHOT using Java 21.0.7 with PID 26245 (/workspace/target/ecommerce-api-0.0.1-SNAPSHOT.jar started by ubuntu in /workspace)
2025-07-22T16:56:53.968Z DEBUG 26245 --- [ecommerce-api] [           main] com.ecommerce.EcommerceApplication       : Running with Spring Boot v3.2.0, Spring v6.1.1
2025-07-22T16:56:53.969Z  INFO 26245 --- [ecommerce-api] [           main] com.ecommerce.EcommerceApplication       : No active profile set, falling back to 1 default profile: "default"
2025-07-22T16:56:54.643Z  INFO 26245 --- [ecommerce-api] [           main] .s.d.r.c.RepositoryConfigurationDelegate : Bootstrapping Spring Data JPA repositories in DEFAULT mode.
2025-07-22T16:56:54.692Z  INFO 26245 --- [ecommerce-api] [           main] .s.d.r.c.RepositoryConfigurationDelegate : Finished Spring Data repository scanning in 43 ms. Found 4 JPA repository interfaces.
2025-07-22T16:56:55.079Z  INFO 26245 --- [ecommerce-api] [           main] o.s.b.w.embedded.tomcat.TomcatWebServer  : Tomcat initialized with port 8081 (http)
2025-07-22T16:56:55.085Z  INFO 26245 --- [ecommerce-api] [           main] o.apache.catalina.core.StandardService   : Starting service [Tomcat]
2025-07-22T16:56:55.085Z  INFO 26245 --- [ecommerce-api] [           main] o.apache.catalina.core.StandardEngine    : Starting Servlet engine: [Apache Tomcat/10.1.16]
2025-07-22T16:56:55.104Z  INFO 26245 --- [ecommerce-api] [           main] o.a.c.c.C.[Tomcat].[localhost].[/]       : Initializing Spring embedded WebApplicationContext
2025-07-22T16:56:55.105Z  INFO 26245 --- [ecommerce-api] [           main] w.s.c.ServletWebServerApplicationContext : Root WebApplicationContext: initialization completed in 1064 ms
2025-07-22T16:56:55.124Z  INFO 26245 --- [ecommerce-api] [           main] com.zaxxer.hikari.HikariDataSource       : HikariPool-1 - Starting...
2025-07-22T16:56:55.272Z  INFO 26245 --- [ecommerce-api] [           main] com.zaxxer.hikari.pool.HikariPool        : HikariPool-1 - Added connection conn0: url=jdbc:h2:mem:testdb user=SA
2025-07-22T16:56:55.274Z  INFO 26245 --- [ecommerce-api] [           main] com.zaxxer.hikari.HikariDataSource       : HikariPool-1 - Start completed.
2025-07-22T16:56:55.282Z  INFO 26245 --- [ecommerce-api] [           main] o.s.b.a.h2.H2ConsoleAutoConfiguration    : H2 console available at '/h2-console'. Database available at 'jdbc:h2:mem:testdb'
2025-07-22T16:56:55.353Z  INFO 26245 --- [ecommerce-api] [           main] o.hibernate.jpa.internal.util.LogHelper  : HHH000204: Processing PersistenceUnitInfo [name: default]
2025-07-22T16:56:55.397Z  INFO 26245 --- [ecommerce-api] [           main] org.hibernate.Version                    : HHH000412: Hibernate ORM core version 6.3.1.Final
2025-07-22T16:56:55.418Z  INFO 26245 --- [ecommerce-api] [           main] o.h.c.internal.RegionFactoryInitiator    : HHH000026: Second-level cache disabled
2025-07-22T16:56:55.552Z  INFO 26245 --- [ecommerce-api] [           main] o.s.o.j.p.SpringPersistenceUnitInfo      : No LoadTimeWeaver setup: ignoring JPA class transformer
2025-07-22T16:56:55.580Z  WARN 26245 --- [ecommerce-api] [           main] org.hibernate.orm.deprecation            : HHH90000025: H2Dialect does not need to be specified explicitly using 'hibernate.dialect' (remove the property setting and it will be selected by default)
2025-07-22T16:56:56.153Z  INFO 26245 --- [ecommerce-api] [           main] o.h.e.t.j.p.i.JtaPlatformInitiator       : HHH000489: No JTA platform available (set 'hibernate.transaction.jta.platform' to enable JTA platform integration)
Hibernate: 
    drop table if exists customers cascade 
Hibernate: 
    drop table if exists order_items cascade 
Hibernate: 
    drop table if exists orders cascade 
Hibernate: 
    drop table if exists products cascade 
Hibernate: 
    create table customers (
        created_date timestamp(6) not null,
        id bigint generated by default as identity,
        address TEXT,
        email varchar(255) not null unique,
        first_name varchar(255) not null,
        last_name varchar(255) not null,
        password varchar(255) not null,
        phone_number varchar(255),
        role varchar(255) not null check (role in ('USER','ADMIN')),
        primary key (id)
    )
Hibernate: 
    create table order_items (
        quantity integer not null,
        subtotal numeric(10,2) not null,
        unit_price numeric(10,2) not null,
        id bigint generated by default as identity,
        order_id bigint not null,
        product_id bigint not null,
        primary key (id)
    )
Hibernate: 
    create table orders (
        total_amount numeric(10,2) not null,
        customer_id bigint not null,
        id bigint generated by default as identity,
        order_date timestamp(6) not null,
        status varchar(255) not null check (status in ('PENDING','CONFIRMED','SHIPPED','DELIVERED','CANCELLED')),
        primary key (id)
    )
Hibernate: 
    create table products (
        price numeric(10,2) not null,
        stock_quantity integer not null,
        created_date timestamp(6) not null,
        id bigint generated by default as identity,
        updated_date timestamp(6) not null,
        category varchar(255) not null,
        description TEXT,
        name varchar(255) not null,
        primary key (id)
    )
Hibernate: 
    alter table if exists order_items 
       add constraint FKbioxgbv59vetrxe0ejfubep1w 
       foreign key (order_id) 
       references orders
Hibernate: 
    alter table if exists order_items 
       add constraint FKocimc7dtr037rh4ls4l95nlfi 
       foreign key (product_id) 
       references products
Hibernate: 
    alter table if exists orders 
       add constraint FKpxtb8awmi0dk6smoh2vp1litg 
       foreign key (customer_id) 
       references customers
2025-07-22T16:56:56.191Z  INFO 26245 --- [ecommerce-api] [           main] j.LocalContainerEntityManagerFactoryBean : Initialized JPA EntityManagerFactory for persistence unit 'default'
2025-07-22T16:56:56.480Z DEBUG 26245 --- [ecommerce-api] [           main] com.ecommerce.security.AuthTokenFilter   : Filter 'authenticationJwtTokenFilter' configured for use
2025-07-22T16:56:56.556Z  INFO 26245 --- [ecommerce-api] [           main] o.s.d.j.r.query.QueryEnhancerFactory     : Hibernate is in classpath; If applicable, HQL parser will be used.
2025-07-22T16:56:56.877Z  WARN 26245 --- [ecommerce-api] [           main] JpaBaseConfiguration$JpaWebConfiguration : spring.jpa.open-in-view is enabled by default. Therefore, database queries may be performed during view rendering. Explicitly configure spring.jpa.open-in-view to disable this warning
2025-07-22T16:56:57.066Z  INFO 26245 --- [ecommerce-api] [           main] o.s.s.web.DefaultSecurityFilterChain     : Will secure any request with [org.springframework.security.web.session.DisableEncodeUrlFilter@45accb5, org.springframework.security.web.context.request.async.WebAsyncManagerIntegrationFilter@1b32aaca, org.springframework.security.web.context.SecurityContextHolderFilter@78b20c7f, org.springframework.security.web.header.HeaderWriterFilter@2ab4c4e, org.springframework.web.filter.CorsFilter@7b5afde5, org.springframework.security.web.authentication.logout.LogoutFilter@30b91493, com.ecommerce.security.AuthTokenFilter@156f0281, org.springframework.security.web.savedrequest.RequestCacheAwareFilter@14d5b2ac, org.springframework.security.web.servletapi.SecurityContextHolderAwareRequestFilter@272d0dd3, org.springframework.security.web.authentication.AnonymousAuthenticationFilter@5a14a8c1, org.springframework.security.web.session.SessionManagementFilter@796267e8, org.springframework.security.web.access.ExceptionTranslationFilter@419ac0f5, org.springframework.security.web.access.intercept.AuthorizationFilter@7ebc2975]
2025-07-22T16:56:57.213Z  INFO 26245 --- [ecommerce-api] [           main] o.s.b.w.embedded.tomcat.TomcatWebServer  : Tomcat started on port 8081 (http) with context path ''
2025-07-22T16:56:57.222Z  INFO 26245 --- [ecommerce-api] [           main] com.ecommerce.EcommerceApplication       : Started EcommerceApplication in 3.557 seconds (process running for 3.893)
2025-07-23T04:37:18.742Z  WARN 26245 --- [ecommerce-api] [l-1 housekeeper] com.zaxxer.hikari.pool.HikariPool        : HikariPool-1 - Thread starvation or clock leap detected (housekeeper delta=10h1m53s214ms869µs290ns).
2025-07-23T05:23:44.679Z  WARN 26245 --- [ecommerce-api] [l-1 housekeeper] com.zaxxer.hikari.pool.HikariPool        : HikariPool-1 - Thread starvation or clock leap detected (housekeeper delta=13m55s714ms809µs881ns).
