nohup: ignoring input

  .   ____          _            __ _ _
 /\\ / ___'_ __ _ _(_)_ __  __ _ \ \ \ \
( ( )\___ | '_ | '_| | '_ \/ _` | \ \ \ \
 \\/  ___)| |_)| | | | | || (_| |  ) ) ) )
  '  |____| .__|_| |_|_| |_\__, | / / / /
 =========|_|==============|___/=/_/_/_/
 :: Spring Boot ::                (v3.2.0)

2025-07-22T16:29:46.378Z  INFO 23540 --- [ecommerce-api] [           main] com.ecommerce.EcommerceApplication       : Starting EcommerceApplication v0.0.1-SNAPSHOT using Java 21.0.7 with PID 23540 (/workspace/target/ecommerce-api-0.0.1-SNAPSHOT.jar started by ubuntu in /workspace)
2025-07-22T16:29:46.381Z DEBUG 23540 --- [ecommerce-api] [           main] com.ecommerce.EcommerceApplication       : Running with Spring Boot v3.2.0, Spring v6.1.1
2025-07-22T16:29:46.382Z  INFO 23540 --- [ecommerce-api] [           main] com.ecommerce.EcommerceApplication       : No active profile set, falling back to 1 default profile: "default"
2025-07-22T16:29:47.068Z  INFO 23540 --- [ecommerce-api] [           main] .s.d.r.c.RepositoryConfigurationDelegate : Bootstrapping Spring Data JPA repositories in DEFAULT mode.
2025-07-22T16:29:47.114Z  INFO 23540 --- [ecommerce-api] [           main] .s.d.r.c.RepositoryConfigurationDelegate : Finished Spring Data repository scanning in 41 ms. Found 4 JPA repository interfaces.
2025-07-22T16:29:47.490Z  INFO 23540 --- [ecommerce-api] [           main] o.s.b.w.embedded.tomcat.TomcatWebServer  : Tomcat initialized with port 8080 (http)
2025-07-22T16:29:47.497Z  INFO 23540 --- [ecommerce-api] [           main] o.apache.catalina.core.StandardService   : Starting service [Tomcat]
2025-07-22T16:29:47.497Z  INFO 23540 --- [ecommerce-api] [           main] o.apache.catalina.core.StandardEngine    : Starting Servlet engine: [Apache Tomcat/10.1.16]
2025-07-22T16:29:47.520Z  INFO 23540 --- [ecommerce-api] [           main] o.a.c.c.C.[Tomcat].[localhost].[/]       : Initializing Spring embedded WebApplicationContext
2025-07-22T16:29:47.520Z  INFO 23540 --- [ecommerce-api] [           main] w.s.c.ServletWebServerApplicationContext : Root WebApplicationContext: initialization completed in 1058 ms
2025-07-22T16:29:47.556Z  INFO 23540 --- [ecommerce-api] [           main] com.zaxxer.hikari.HikariDataSource       : HikariPool-1 - Starting...
2025-07-22T16:29:47.703Z  INFO 23540 --- [ecommerce-api] [           main] com.zaxxer.hikari.pool.HikariPool        : HikariPool-1 - Added connection conn0: url=jdbc:h2:mem:testdb user=SA
2025-07-22T16:29:47.704Z  INFO 23540 --- [ecommerce-api] [           main] com.zaxxer.hikari.HikariDataSource       : HikariPool-1 - Start completed.
2025-07-22T16:29:47.712Z  INFO 23540 --- [ecommerce-api] [           main] o.s.b.a.h2.H2ConsoleAutoConfiguration    : H2 console available at '/h2-console'. Database available at 'jdbc:h2:mem:testdb'
2025-07-22T16:29:47.787Z  INFO 23540 --- [ecommerce-api] [           main] o.hibernate.jpa.internal.util.LogHelper  : HHH000204: Processing PersistenceUnitInfo [name: default]
2025-07-22T16:29:47.832Z  INFO 23540 --- [ecommerce-api] [           main] org.hibernate.Version                    : HHH000412: Hibernate ORM core version 6.3.1.Final
2025-07-22T16:29:47.855Z  INFO 23540 --- [ecommerce-api] [           main] o.h.c.internal.RegionFactoryInitiator    : HHH000026: Second-level cache disabled
2025-07-22T16:29:48.005Z  INFO 23540 --- [ecommerce-api] [           main] o.s.o.j.p.SpringPersistenceUnitInfo      : No LoadTimeWeaver setup: ignoring JPA class transformer
2025-07-22T16:29:48.032Z  WARN 23540 --- [ecommerce-api] [           main] org.hibernate.orm.deprecation            : HHH90000025: H2Dialect does not need to be specified explicitly using 'hibernate.dialect' (remove the property setting and it will be selected by default)
2025-07-22T16:29:48.647Z  INFO 23540 --- [ecommerce-api] [           main] o.h.e.t.j.p.i.JtaPlatformInitiator       : HHH000489: No JTA platform available (set 'hibernate.transaction.jta.platform' to enable JTA platform integration)
Hibernate: 
    drop table if exists customers cascade 
Hibernate: 
    drop table if exists order_items cascade 
Hibernate: 
    drop table if exists orders cascade 
Hibernate: 
    drop table if exists products cascade 
Hibernate: 
    create table customers (
        created_date timestamp(6) not null,
        id bigint generated by default as identity,
        address TEXT,
        email varchar(255) not null unique,
        first_name varchar(255) not null,
        last_name varchar(255) not null,
        password varchar(255) not null,
        phone_number varchar(255),
        role varchar(255) not null check (role in ('USER','ADMIN')),
        primary key (id)
    )
Hibernate: 
    create table order_items (
        quantity integer not null,
        subtotal numeric(10,2) not null,
        unit_price numeric(10,2) not null,
        id bigint generated by default as identity,
        order_id bigint not null,
        product_id bigint not null,
        primary key (id)
    )
Hibernate: 
    create table orders (
        total_amount numeric(10,2) not null,
        customer_id bigint not null,
        id bigint generated by default as identity,
        order_date timestamp(6) not null,
        status varchar(255) not null check (status in ('PENDING','CONFIRMED','SHIPPED','DELIVERED','CANCELLED')),
        primary key (id)
    )
Hibernate: 
    create table products (
        price numeric(10,2) not null,
        stock_quantity integer not null,
        created_date timestamp(6) not null,
        id bigint generated by default as identity,
        updated_date timestamp(6) not null,
        category varchar(255) not null,
        description TEXT,
        name varchar(255) not null,
        primary key (id)
    )
Hibernate: 
    alter table if exists order_items 
       add constraint FKbioxgbv59vetrxe0ejfubep1w 
       foreign key (order_id) 
       references orders
Hibernate: 
    alter table if exists order_items 
       add constraint FKocimc7dtr037rh4ls4l95nlfi 
       foreign key (product_id) 
       references products
Hibernate: 
    alter table if exists orders 
       add constraint FKpxtb8awmi0dk6smoh2vp1litg 
       foreign key (customer_id) 
       references customers
2025-07-22T16:29:48.688Z  INFO 23540 --- [ecommerce-api] [           main] j.LocalContainerEntityManagerFactoryBean : Initialized JPA EntityManagerFactory for persistence unit 'default'
2025-07-22T16:29:48.929Z DEBUG 23540 --- [ecommerce-api] [           main] com.ecommerce.security.AuthTokenFilter   : Filter 'authenticationJwtTokenFilter' configured for use
2025-07-22T16:29:48.983Z  INFO 23540 --- [ecommerce-api] [           main] o.s.d.j.r.query.QueryEnhancerFactory     : Hibernate is in classpath; If applicable, HQL parser will be used.
2025-07-22T16:29:49.288Z  WARN 23540 --- [ecommerce-api] [           main] JpaBaseConfiguration$JpaWebConfiguration : spring.jpa.open-in-view is enabled by default. Therefore, database queries may be performed during view rendering. Explicitly configure spring.jpa.open-in-view to disable this warning
2025-07-22T16:29:49.447Z  INFO 23540 --- [ecommerce-api] [           main] o.s.s.web.DefaultSecurityFilterChain     : Will secure any request with [org.springframework.security.web.session.DisableEncodeUrlFilter@693676d, org.springframework.security.web.context.request.async.WebAsyncManagerIntegrationFilter@2a0a178f, org.springframework.security.web.context.SecurityContextHolderFilter@766534b0, org.springframework.security.web.header.HeaderWriterFilter@3c62bae5, org.springframework.web.filter.CorsFilter@55a7f0af, org.springframework.security.web.authentication.logout.LogoutFilter@685280dd, com.ecommerce.security.AuthTokenFilter@433db56d, org.springframework.security.web.savedrequest.RequestCacheAwareFilter@1077a7, org.springframework.security.web.servletapi.SecurityContextHolderAwareRequestFilter@6e0fd2dc, org.springframework.security.web.authentication.AnonymousAuthenticationFilter@12db2921, org.springframework.security.web.session.SessionManagementFilter@14d5b2ac, org.springframework.security.web.access.ExceptionTranslationFilter@14f05ca0, org.springframework.security.web.access.intercept.AuthorizationFilter@7b5afde5]
2025-07-22T16:29:49.572Z  WARN 23540 --- [ecommerce-api] [           main] ConfigServletWebServerApplicationContext : Exception encountered during context initialization - cancelling refresh attempt: org.springframework.context.ApplicationContextException: Failed to start bean 'webServerStartStop'
2025-07-22T16:29:49.573Z  INFO 23540 --- [ecommerce-api] [           main] j.LocalContainerEntityManagerFactoryBean : Closing JPA EntityManagerFactory for persistence unit 'default'
Hibernate: 
    drop table if exists customers cascade 
Hibernate: 
    drop table if exists order_items cascade 
Hibernate: 
    drop table if exists orders cascade 
Hibernate: 
    drop table if exists products cascade 
2025-07-22T16:29:49.577Z  INFO 23540 --- [ecommerce-api] [           main] com.zaxxer.hikari.HikariDataSource       : HikariPool-1 - Shutdown initiated...
2025-07-22T16:29:49.582Z  INFO 23540 --- [ecommerce-api] [           main] com.zaxxer.hikari.HikariDataSource       : HikariPool-1 - Shutdown completed.
2025-07-22T16:29:49.589Z  INFO 23540 --- [ecommerce-api] [           main] .s.b.a.l.ConditionEvaluationReportLogger : 

Error starting ApplicationContext. To display the condition evaluation report re-run your application with 'debug' enabled.
2025-07-22T16:29:49.597Z ERROR 23540 --- [ecommerce-api] [           main] o.s.b.d.LoggingFailureAnalysisReporter   : 

***************************
APPLICATION FAILED TO START
***************************

Description:

Web server failed to start. Port 8080 was already in use.

Action:

Identify and stop the process that's listening on port 8080 or configure this application to listen on another port.

